<?xml version="1.0" encoding="UTF-8"?>
<!-- Generated by org.testng.reporters.JUnitReportReporter -->
<testsuite skipped="0" hostname="LAPTOP-N9E2Q1PQ" name="TC6_Get_Req_Authorization" tests="1" failures="0" timestamp="17 Apr 2020 11:04:42 GMT" time="1.661" errors="0">
  <testcase name="getWeatherDetails" time="1.661" classname="TC6_Get_Req_Authorization"/>
</testsuite> <!-- TC6_Get_Req_Authorization -->
