<?xml version="1.0" encoding="UTF-8"?>
<!-- Generated by org.testng.reporters.JUnitReportReporter -->
<testsuite skipped="0" hostname="LAPTOP-N9E2Q1PQ" name="TC3_Get_Request" tests="1" failures="0" timestamp="17 Apr 2020 10:39:51 GMT" time="1.701" errors="0">
  <testcase name="googleMapTest" time="1.701" classname="TC3_Get_Request"/>
</testsuite> <!-- TC3_Get_Request -->
