<?xml version="1.0" encoding="UTF-8"?>
<!-- Generated by org.testng.reporters.JUnitReportReporter -->
<testsuite skipped="0" hostname="LAPTOP-N9E2Q1PQ" name="TC7_DataProvider_TestNG" tests="3" failures="0" timestamp="18 Apr 2020 10:50:36 GMT" time="4.636" errors="0">
  <testcase name="createNewRecord" time="0.894" classname="TC7_DataProvider_TestNG"/>
  <testcase name="createNewRecord" time="0.918" classname="TC7_DataProvider_TestNG"/>
  <testcase name="createNewRecord" time="2.824" classname="TC7_DataProvider_TestNG"/>
</testsuite> <!-- TC7_DataProvider_TestNG -->
