<?xml version="1.0" encoding="UTF-8"?>
<!-- Generated by org.testng.reporters.JUnitReportReporter -->
<testsuite skipped="0" hostname="LAPTOP-N9E2Q1PQ" name="TC1_GeT_Request" tests="1" failures="0" timestamp="16 Apr 2020 11:51:40 GMT" time="2.282" errors="0">
  <testcase name="getWeatherDetails" time="2.282" classname="TC1_GeT_Request"/>
</testsuite> <!-- TC1_GeT_Request -->
