<?xml version="1.0" encoding="UTF-8"?>
<!-- Generated by org.testng.reporters.JUnitReportReporter -->
<testsuite skipped="0" hostname="LAPTOP-N9E2Q1PQ" name="testPack.TC8_Get_All_Employees" tests="9" failures="0" timestamp="22 Apr 2020 06:32:13 GMT" time="0.085" errors="0">
  <testcase name="checkContentLength" time="0.014" classname="testPack.TC8_Get_All_Employees"/>
  <testcase name="checkStatusLIne" time="0.002" classname="testPack.TC8_Get_All_Employees"/>
  <testcase name="contentEncoding" time="0.003" classname="testPack.TC8_Get_All_Employees"/>
  <testcase name="checkContentType" time="0.003" classname="testPack.TC8_Get_All_Employees"/>
  <testcase name="checkResponseTime" time="0.003" classname="testPack.TC8_Get_All_Employees"/>
  <testcase name="checkServerType" time="0.003" classname="testPack.TC8_Get_All_Employees"/>
  <testcase name="checkCookies" time="0.004" classname="testPack.TC8_Get_All_Employees"/>
  <testcase name="checkResponseBody" time="0.051" classname="testPack.TC8_Get_All_Employees"/>
  <testcase name="checkStatusCode" time="0.002" classname="testPack.TC8_Get_All_Employees"/>
</testsuite> <!-- testPack.TC8_Get_All_Employees -->
