<?xml version="1.0" encoding="UTF-8"?>
<!-- Generated by org.testng.reporters.JUnitReportReporter -->
<testsuite skipped="0" hostname="LAPTOP-N9E2Q1PQ" name="testPack.TC10_Post_Create_Emp_Record" tests="3" failures="0" timestamp="22 Apr 2020 06:32:13 GMT" time="0.010" errors="0">
  <testcase name="statusCodeValidation" time="0.002" classname="testPack.TC10_Post_Create_Emp_Record"/>
  <testcase name="statusLineValidation" time="0.001" classname="testPack.TC10_Post_Create_Emp_Record"/>
  <testcase name="resValidation" time="0.007" classname="testPack.TC10_Post_Create_Emp_Record"/>
</testsuite> <!-- testPack.TC10_Post_Create_Emp_Record -->
