<?xml version="1.0" encoding="UTF-8"?>
<!-- Generated by org.testng.reporters.JUnitReportReporter -->
<testsuite skipped="0" hostname="LAPTOP-N9E2Q1PQ" name="TC4_Get_Request" tests="1" failures="0" timestamp="17 Apr 2020 10:45:25 GMT" time="1.725" errors="0">
  <testcase name="googleWeatherTest" time="1.725" classname="TC4_Get_Request"/>
</testsuite> <!-- TC4_Get_Request -->
